# JRE version: OpenJDK Runtime Environment (8.0_171-b11) (build 1.8.0_171-8u171-b11-0ubuntu0.18.04.1-b11)
# Java VM: OpenJDK 64-Bit Server VM (25.171-b11 mixed mode linux-amd64 compressed oops)
Heap:
 PSYoungGen      total 378368K, used 71151K [0x00000000d7000000, 0x0000000100000000, 0x0000000100000000)
  eden space 224256K, 0% used [0x00000000d7000000,0x00000000d7000000,0x00000000e4b00000)
  from space 154112K, 46% used [0x00000000f6980000,0x00000000faefbd78,0x0000000100000000)
  to   space 223744K, 0% used [0x00000000e4b00000,0x00000000e4b00000,0x00000000f2580000)
 ParOldGen       total 825856K, used 825412K [0x0000000085000000, 0x00000000b7680000, 0x00000000d7000000)
  object space 825856K, 99% used [0x0000000085000000,0x00000000b7611240,0x00000000b7680000)
 Metaspace       used 32983K, capacity 33856K, committed 34048K, reserved 1079296K
  class space    used 3793K, capacity 4053K, committed 4096K, reserved 1048576K
GC Heap History (10 events):
Event: 19.184 GC heap after
Heap after GC invocations=19 (full 4):
 PSYoungGen      total 369152K, used 81781K [0x00000000d7000000, 0x00000000ff400000, 0x0000000100000000)
  eden space 284160K, 0% used [0x00000000d7000000,0x00000000d7000000,0x00000000e8580000)
  from space 84992K, 96% used [0x00000000e8580000,0x00000000ed55d7a8,0x00000000ed880000)
  to   space 135680K, 0% used [0x00000000f6f80000,0x00000000f6f80000,0x00000000ff400000)
 ParOldGen       total 544768K, used 334420K [0x0000000085000000, 0x00000000a6400000, 0x00000000d7000000)
  object space 544768K, 61% used [0x0000000085000000,0x0000000099695240,0x00000000a6400000)
 Metaspace       used 32195K, capacity 33048K, committed 33152K, reserved 1079296K
  class space    used 3716K, capacity 3957K, committed 3968K, reserved 1048576K
}
Event: 20.807 GC heap before
{Heap before GC invocations=20 (full 4):
 PSYoungGen      total 369152K, used 365941K [0x00000000d7000000, 0x00000000ff400000, 0x0000000100000000)
  eden space 284160K, 100% used [0x00000000d7000000,0x00000000e8580000,0x00000000e8580000)
  from space 84992K, 96% used [0x00000000e8580000,0x00000000ed55d7a8,0x00000000ed880000)
  to   space 135680K, 0% used [0x00000000f6f80000,0x00000000f6f80000,0x00000000ff400000)
 ParOldGen       total 544768K, used 334420K [0x0000000085000000, 0x00000000a6400000, 0x00000000d7000000)
  object space 544768K, 61% used [0x0000000085000000,0x0000000099695240,0x00000000a6400000)
 Metaspace       used 32212K, capacity 33048K, committed 33152K, reserved 1079296K
  class space    used 3717K, capacity 3957K, committed 3968K, reserved 1048576K
Event: 21.811 GC heap after
Heap after GC invocations=20 (full 4):
 PSYoungGen      total 499200K, used 118158K [0x00000000d7000000, 0x0000000100000000, 0x0000000100000000)
  eden space 363520K, 0% used [0x00000000d7000000,0x00000000d7000000,0x00000000ed300000)
  from space 135680K, 87% used [0x00000000f6f80000,0x00000000fe2e3860,0x00000000ff400000)
  to   space 154112K, 0% used [0x00000000ed300000,0x00000000ed300000,0x00000000f6980000)
 ParOldGen       total 544768K, used 416534K [0x0000000085000000, 0x00000000a6400000, 0x00000000d7000000)
  object space 544768K, 76% used [0x0000000085000000,0x000000009e6c5898,0x00000000a6400000)
 Metaspace       used 32212K, capacity 33048K, committed 33152K, reserved 1079296K
  class space    used 3717K, capacity 3957K, committed 3968K, reserved 1048576K
}
Event: 23.893 GC heap before
{Heap before GC invocations=21 (full 4):
 PSYoungGen      total 499200K, used 481678K [0x00000000d7000000, 0x0000000100000000, 0x0000000100000000)
  eden space 363520K, 100% used [0x00000000d7000000,0x00000000ed300000,0x00000000ed300000)
  from space 135680K, 87% used [0x00000000f6f80000,0x00000000fe2e3860,0x00000000ff400000)
  to   space 154112K, 0% used [0x00000000ed300000,0x00000000ed300000,0x00000000f6980000)
 ParOldGen       total 544768K, used 416534K [0x0000000085000000, 0x00000000a6400000, 0x00000000d7000000)
  object space 544768K, 76% used [0x0000000085000000,0x000000009e6c5898,0x00000000a6400000)
 Metaspace       used 32219K, capacity 33048K, committed 33152K, reserved 1079296K
  class space    used 3718K, capacity 3957K, committed 3968K, reserved 1048576K
Event: 25.077 GC heap after
Heap after GC invocations=21 (full 4):
 PSYoungGen      total 517632K, used 154103K [0x00000000d7000000, 0x0000000100000000, 0x0000000100000000)
  eden space 363520K, 0% used [0x00000000d7000000,0x00000000d7000000,0x00000000ed300000)
  from space 154112K, 99% used [0x00000000ed300000,0x00000000f697dd00,0x00000000f6980000)
  to   space 154112K, 0% used [0x00000000f6980000,0x00000000f6980000,0x0000000100000000)
 ParOldGen       total 548864K, used 548792K [0x0000000085000000, 0x00000000a6800000, 0x00000000d7000000)
  object space 548864K, 99% used [0x0000000085000000,0x00000000a67ee058,0x00000000a6800000)
 Metaspace       used 32219K, capacity 33048K, committed 33152K, reserved 1079296K
  class space    used 3718K, capacity 3957K, committed 3968K, reserved 1048576K
}
Event: 25.077 GC heap before
{Heap before GC invocations=22 (full 5):
 PSYoungGen      total 517632K, used 154103K [0x00000000d7000000, 0x0000000100000000, 0x0000000100000000)
  eden space 363520K, 0% used [0x00000000d7000000,0x00000000d7000000,0x00000000ed300000)
  from space 154112K, 99% used [0x00000000ed300000,0x00000000f697dd00,0x00000000f6980000)
  to   space 154112K, 0% used [0x00000000f6980000,0x00000000f6980000,0x0000000100000000)
 ParOldGen       total 548864K, used 548792K [0x0000000085000000, 0x00000000a6800000, 0x00000000d7000000)
  object space 548864K, 99% used [0x0000000085000000,0x00000000a67ee058,0x00000000a6800000)
 Metaspace       used 32219K, capacity 33048K, committed 33152K, reserved 1079296K
  class space    used 3718K, capacity 3957K, committed 3968K, reserved 1048576K
Event: 26.472 GC heap after
Heap after GC invocations=22 (full 5):
 PSYoungGen      total 517632K, used 141069K [0x00000000d7000000, 0x0000000100000000, 0x0000000100000000)
  eden space 363520K, 0% used [0x00000000d7000000,0x00000000d7000000,0x00000000ed300000)
  from space 154112K, 91% used [0x00000000ed300000,0x00000000f5cc36a0,0x00000000f6980000)
  to   space 154112K, 0% used [0x00000000f6980000,0x00000000f6980000,0x0000000100000000)
 ParOldGen       total 825856K, used 548494K [0x0000000085000000, 0x00000000b7680000, 0x00000000d7000000)
  object space 825856K, 66% used [0x0000000085000000,0x00000000a67a3bf0,0x00000000b7680000)
 Metaspace       used 32219K, capacity 33048K, committed 33152K, reserved 1079296K
  class space    used 3718K, capacity 3957K, committed 3968K, reserved 1048576K
}
Event: 28.961 GC heap before
{Heap before GC invocations=23 (full 5):
 PSYoungGen      total 517632K, used 504589K [0x00000000d7000000, 0x0000000100000000, 0x0000000100000000)
  eden space 363520K, 100% used [0x00000000d7000000,0x00000000ed300000,0x00000000ed300000)
  from space 154112K, 91% used [0x00000000ed300000,0x00000000f5cc36a0,0x00000000f6980000)
  to   space 154112K, 0% used [0x00000000f6980000,0x00000000f6980000,0x0000000100000000)
 ParOldGen       total 825856K, used 548494K [0x0000000085000000, 0x00000000b7680000, 0x00000000d7000000)
  object space 825856K, 66% used [0x0000000085000000,0x00000000a67a3bf0,0x00000000b7680000)
 Metaspace       used 32983K, capacity 33856K, committed 34048K, reserved 1079296K
  class space    used 3793K, capacity 4053K, committed 4096K, reserved 1048576K
Event: 29.769 GC heap after
Heap after GC invocations=23 (full 5):
 PSYoungGen      total 378368K, used 154098K [0x00000000d7000000, 0x0000000100000000, 0x0000000100000000)
  eden space 224256K, 0% used [0x00000000d7000000,0x00000000d7000000,0x00000000e4b00000)
  from space 154112K, 99% used [0x00000000f6980000,0x00000000ffffc860,0x0000000100000000)
  to   space 223744K, 0% used [0x00000000e4b00000,0x00000000e4b00000,0x00000000f2580000)
 ParOldGen       total 825856K, used 745790K [0x0000000085000000, 0x00000000b7680000, 0x00000000d7000000)
  object space 825856K, 90% used [0x0000000085000000,0x00000000b284fb80,0x00000000b7680000)
 Metaspace       used 32983K, capacity 33856K, committed 34048K, reserved 1079296K
  class space    used 3793K, capacity 4053K, committed 4096K, reserved 1048576K
}
Event: 29.769 GC heap before
{Heap before GC invocations=24 (full 6):
 PSYoungGen      total 378368K, used 154098K [0x00000000d7000000, 0x0000000100000000, 0x0000000100000000)
  eden space 224256K, 0% used [0x00000000d7000000,0x00000000d7000000,0x00000000e4b00000)
  from space 154112K, 99% used [0x00000000f6980000,0x00000000ffffc860,0x0000000100000000)
  to   space 223744K, 0% used [0x00000000e4b00000,0x00000000e4b00000,0x00000000f2580000)
 ParOldGen       total 825856K, used 745790K [0x0000000085000000, 0x00000000b7680000, 0x00000000d7000000)
  object space 825856K, 90% used [0x0000000085000000,0x00000000b284fb80,0x00000000b7680000)
 Metaspace       used 32983K, capacity 33856K, committed 34048K, reserved 1079296K
  class space    used 3793K, capacity 4053K, committed 4096K, reserved 1048576K

