# JRE version: OpenJDK Runtime Environment (8.0_162-b12) (build 1.8.0_162-8u162-b12-0ubuntu0.17.10.2-b12)
# Java VM: OpenJDK 64-Bit Server VM (25.162-b12 mixed mode linux-amd64 compressed oops)
Heap:
 PSYoungGen      total 132096K, used 5104K [0x00000000d7000000, 0x00000000df600000, 0x0000000100000000)
  eden space 126976K, 0% used [0x00000000d7000000,0x00000000d7000000,0x00000000dec00000)
  from space 5120K, 99% used [0x00000000dec00000,0x00000000df0fc010,0x00000000df100000)
  to   space 5120K, 0% used [0x00000000df100000,0x00000000df100000,0x00000000df600000)
 ParOldGen       total 113152K, used 70288K [0x0000000085000000, 0x000000008be80000, 0x00000000d7000000)
  object space 113152K, 62% used [0x0000000085000000,0x00000000894a42c0,0x000000008be80000)
 Metaspace       used 22525K, capacity 23243K, committed 23424K, reserved 1069056K
  class space    used 2727K, capacity 2932K, committed 2944K, reserved 1048576K
GC Heap History (10 events):
Event: 0.982 GC heap after
Heap after GC invocations=1 (full 0):
 PSYoungGen      total 36864K, used 5094K [0x00000000d7000000, 0x00000000db800000, 0x0000000100000000)
  eden space 31744K, 0% used [0x00000000d7000000,0x00000000d7000000,0x00000000d8f00000)
  from space 5120K, 99% used [0x00000000d8f00000,0x00000000d93f9a30,0x00000000d9400000)
  to   space 5120K, 0% used [0x00000000db300000,0x00000000db300000,0x00000000db800000)
 ParOldGen       total 84992K, used 7404K [0x0000000085000000, 0x000000008a300000, 0x00000000d7000000)
  object space 84992K, 8% used [0x0000000085000000,0x000000008573b080,0x000000008a300000)
 Metaspace       used 3832K, capacity 4520K, committed 4608K, reserved 1056768K
  class space    used 395K, capacity 424K, committed 512K, reserved 1048576K
}
Event: 1.663 GC heap before
{Heap before GC invocations=2 (full 0):
 PSYoungGen      total 36864K, used 36838K [0x00000000d7000000, 0x00000000db800000, 0x0000000100000000)
  eden space 31744K, 100% used [0x00000000d7000000,0x00000000d8f00000,0x00000000d8f00000)
  from space 5120K, 99% used [0x00000000d8f00000,0x00000000d93f9a30,0x00000000d9400000)
  to   space 5120K, 0% used [0x00000000db300000,0x00000000db300000,0x00000000db800000)
 ParOldGen       total 84992K, used 7404K [0x0000000085000000, 0x000000008a300000, 0x00000000d7000000)
  object space 84992K, 8% used [0x0000000085000000,0x000000008573b080,0x000000008a300000)
 Metaspace       used 5223K, capacity 5294K, committed 5504K, reserved 1056768K
  class space    used 563K, capacity 593K, committed 640K, reserved 1048576K
Event: 1.754 GC heap after
Heap after GC invocations=2 (full 0):
 PSYoungGen      total 68608K, used 5094K [0x00000000d7000000, 0x00000000db800000, 0x0000000100000000)
  eden space 63488K, 0% used [0x00000000d7000000,0x00000000d7000000,0x00000000dae00000)
  from space 5120K, 99% used [0x00000000db300000,0x00000000db7f9b80,0x00000000db800000)
  to   space 5120K, 0% used [0x00000000dae00000,0x00000000dae00000,0x00000000db300000)
 ParOldGen       total 84992K, used 24251K [0x0000000085000000, 0x000000008a300000, 0x00000000d7000000)
  object space 84992K, 28% used [0x0000000085000000,0x00000000867aef78,0x000000008a300000)
 Metaspace       used 5223K, capacity 5294K, committed 5504K, reserved 1056768K
  class space    used 563K, capacity 593K, committed 640K, reserved 1048576K
}
Event: 4.356 GC heap before
{Heap before GC invocations=3 (full 0):
 PSYoungGen      total 68608K, used 68155K [0x00000000d7000000, 0x00000000db800000, 0x0000000100000000)
  eden space 63488K, 99% used [0x00000000d7000000,0x00000000dad95178,0x00000000dae00000)
  from space 5120K, 99% used [0x00000000db300000,0x00000000db7f9b80,0x00000000db800000)
  to   space 5120K, 0% used [0x00000000dae00000,0x00000000dae00000,0x00000000db300000)
 ParOldGen       total 84992K, used 24251K [0x0000000085000000, 0x000000008a300000, 0x00000000d7000000)
  object space 84992K, 28% used [0x0000000085000000,0x00000000867aef78,0x000000008a300000)
 Metaspace       used 14692K, capacity 14964K, committed 15104K, reserved 1062912K
  class space    used 1837K, capacity 1934K, committed 2048K, reserved 1048576K
Event: 4.490 GC heap after
Heap after GC invocations=3 (full 0):
 PSYoungGen      total 68608K, used 5094K [0x00000000d7000000, 0x00000000df600000, 0x0000000100000000)
  eden space 63488K, 0% used [0x00000000d7000000,0x00000000d7000000,0x00000000dae00000)
  from space 5120K, 99% used [0x00000000dae00000,0x00000000db2f9b70,0x00000000db300000)
  to   space 5120K, 0% used [0x00000000df100000,0x00000000df100000,0x00000000df600000)
 ParOldGen       total 84992K, used 44078K [0x0000000085000000, 0x000000008a300000, 0x00000000d7000000)
  object space 84992K, 51% used [0x0000000085000000,0x0000000087b0bb28,0x000000008a300000)
 Metaspace       used 14692K, capacity 14964K, committed 15104K, reserved 1062912K
  class space    used 1837K, capacity 1934K, committed 2048K, reserved 1048576K
}
Event: 6.129 GC heap before
{Heap before GC invocations=4 (full 0):
 PSYoungGen      total 68608K, used 68498K [0x00000000d7000000, 0x00000000df600000, 0x0000000100000000)
  eden space 63488K, 99% used [0x00000000d7000000,0x00000000dadeaf10,0x00000000dae00000)
  from space 5120K, 99% used [0x00000000dae00000,0x00000000db2f9b70,0x00000000db300000)
  to   space 5120K, 0% used [0x00000000df100000,0x00000000df100000,0x00000000df600000)
 ParOldGen       total 84992K, used 44078K [0x0000000085000000, 0x000000008a300000, 0x00000000d7000000)
  object space 84992K, 51% used [0x0000000085000000,0x0000000087b0bb28,0x000000008a300000)
 Metaspace       used 18748K, capacity 19266K, committed 19456K, reserved 1067008K
  class space    used 2378K, capacity 2549K, committed 2560K, reserved 1048576K
Event: 6.229 GC heap after
Heap after GC invocations=4 (full 0):
 PSYoungGen      total 132096K, used 5098K [0x00000000d7000000, 0x00000000df600000, 0x0000000100000000)
  eden space 126976K, 0% used [0x00000000d7000000,0x00000000d7000000,0x00000000dec00000)
  from space 5120K, 99% used [0x00000000df100000,0x00000000df5fa8e0,0x00000000df600000)
  to   space 5120K, 0% used [0x00000000dec00000,0x00000000dec00000,0x00000000df100000)
 ParOldGen       total 84992K, used 63034K [0x0000000085000000, 0x000000008a300000, 0x00000000d7000000)
  object space 84992K, 74% used [0x0000000085000000,0x0000000088d8ea78,0x000000008a300000)
 Metaspace       used 18748K, capacity 19266K, committed 19456K, reserved 1067008K
  class space    used 2378K, capacity 2549K, committed 2560K, reserved 1048576K
}
Event: 6.229 GC heap before
{Heap before GC invocations=5 (full 1):
 PSYoungGen      total 132096K, used 5098K [0x00000000d7000000, 0x00000000df600000, 0x0000000100000000)
  eden space 126976K, 0% used [0x00000000d7000000,0x00000000d7000000,0x00000000dec00000)
  from space 5120K, 99% used [0x00000000df100000,0x00000000df5fa8e0,0x00000000df600000)
  to   space 5120K, 0% used [0x00000000dec00000,0x00000000dec00000,0x00000000df100000)
 ParOldGen       total 84992K, used 63034K [0x0000000085000000, 0x000000008a300000, 0x00000000d7000000)
  object space 84992K, 74% used [0x0000000085000000,0x0000000088d8ea78,0x000000008a300000)
 Metaspace       used 18748K, capacity 19266K, committed 19456K, reserved 1067008K
  class space    used 2378K, capacity 2549K, committed 2560K, reserved 1048576K
Event: 6.417 GC heap after
Heap after GC invocations=5 (full 1):
 PSYoungGen      total 132096K, used 0K [0x00000000d7000000, 0x00000000df600000, 0x0000000100000000)
  eden space 126976K, 0% used [0x00000000d7000000,0x00000000d7000000,0x00000000dec00000)
  from space 5120K, 0% used [0x00000000df100000,0x00000000df100000,0x00000000df600000)
  to   space 5120K, 0% used [0x00000000dec00000,0x00000000dec00000,0x00000000df100000)
 ParOldGen       total 113152K, used 45445K [0x0000000085000000, 0x000000008be80000, 0x00000000d7000000)
  object space 113152K, 40% used [0x0000000085000000,0x0000000087c616d0,0x000000008be80000)
 Metaspace       used 18748K, capacity 19266K, committed 19456K, reserved 1067008K
  class space    used 2378K, capacity 2549K, committed 2560K, reserved 1048576K
}
Event: 9.415 GC heap before
{Heap before GC invocations=6 (full 1):
 PSYoungGen      total 132096K, used 126976K [0x00000000d7000000, 0x00000000df600000, 0x0000000100000000)
  eden space 126976K, 100% used [0x00000000d7000000,0x00000000dec00000,0x00000000dec00000)
  from space 5120K, 0% used [0x00000000df100000,0x00000000df100000,0x00000000df600000)
  to   space 5120K, 0% used [0x00000000dec00000,0x00000000dec00000,0x00000000df100000)
 ParOldGen       total 113152K, used 45445K [0x0000000085000000, 0x000000008be80000, 0x00000000d7000000)
  object space 113152K, 40% used [0x0000000085000000,0x0000000087c616d0,0x000000008be80000)
 Metaspace       used 22525K, capacity 23243K, committed 23424K, reserved 1069056K
  class space    used 2727K, capacity 2932K, committed 2944K, reserved 1048576K

